20200115114828
20200115114848
20200115115222
20200115115309
20200115115320
20200115115335
20200115115345
20200115115417
20200115115613
20200115115645
20200115115747
20200115115828
20200115115919
20200115120021
20200115120030
20200115120048
20200115120111
20200115120202
20200115120211
20200115120243
20200115120330
20200115120335
20200115120342
20200115120350
20200115120359
20200115120441
20200115120446
20200115120448
20200115120550
20200115120624
20200115120702
20200115120708
20200115120726
20200115121518
20200115122605
20200115122622
20200115122640
20200115122715
20200115122734
20200115122738
20200115122758
20200115122805
20200115122807
20200115122825
20200115122924
20200115122926
20200115122927
20200115123022
20200115123042
20200115134629
20200115135041
20200115140112
20200115143224
20200115143346
20200115143457
20200115144853
20200115144921
20200115145326
20200115153102
20200115153213
20200115153525
20200115153611
20200115195446
20200115195542
20200115201244
20200115201837
20200116093643
20200116191503
20200116192815
20200116193452
20200117100432
20200117150239
20200117152324
20200117152444
20200117152834
20200117152918
20200117153026
